2017-12-22 12:28:21,421 - Loaded System Directive: org.apache.velocity.runtime.directive.Parse
2017-12-22 12:28:21,422 - Loaded System Directive: org.apache.velocity.runtime.directive.Include
2017-12-22 12:28:21,422 - Loaded System Directive: org.apache.velocity.runtime.directive.Foreach
2017-12-22 12:28:21,439 - Created '20' parsers.
2017-12-22 12:28:21,442 - Velocimacro : "velocimacro.library" is not set.  Trying default library: VM_global_library.vm
2017-12-22 12:28:21,443 - Velocimacro : Default library not found.
2017-12-22 12:28:21,443 - Velocimacro : allowInline = true : VMs can be defined inline in templates
2017-12-22 12:28:21,443 - Velocimacro : allowInlineToOverride = false : VMs defined inline may NOT replace previous VM definitions
2017-12-22 12:28:21,444 - Velocimacro : allowInlineLocal = false : VMs defined inline will be global in scope if allowed.
2017-12-22 12:28:21,445 - Velocimacro : autoload off : VM system will not automatically reload global library macros
2017-12-22 12:28:21,458 - ResourceManager : found ./templates/index.vm with loader org.apache.velocity.runtime.resource.loader.FileResourceLoader
2017-12-22 12:28:21,467 - ResourceManager : found /templates/base/index-footer.vm with loader org.apache.velocity.runtime.resource.loader.FileResourceLoader
2017-12-22 12:28:25,926 - ResourceManager : found ./templates/me.vm with loader org.apache.velocity.runtime.resource.loader.FileResourceLoader
2017-12-22 12:28:25,932 - ResourceManager : found /templates/base/page-header.vm with loader org.apache.velocity.runtime.resource.loader.FileResourceLoader
2017-12-22 12:28:25,941 - ResourceManager : found /templates/base/page-header-tabs.vm with loader org.apache.velocity.runtime.resource.loader.FileResourceLoader
2017-12-22 12:28:25,942 - ResourceManager : found /templates/base/tabs/me.vm with loader org.apache.velocity.runtime.resource.loader.FileResourceLoader
2017-12-22 12:28:25,950 - ResourceManager : found /templates/widgets/article-promos.vm with loader org.apache.velocity.runtime.resource.loader.FileResourceLoader
2017-12-22 12:28:25,958 - ResourceManager : found /templates/base/page-footer.vm with loader org.apache.velocity.runtime.resource.loader.FileResourceLoader
2017-12-22 12:28:27,736 - ResourceManager : found ./templates/client.vm with loader org.apache.velocity.runtime.resource.loader.FileResourceLoader
2017-12-22 12:35:12,751 - ResourceManager : found ./templates/account.vm with loader org.apache.velocity.runtime.resource.loader.FileResourceLoader
2017-12-22 12:35:12,758 - ResourceManager : found /templates/account/disconnected.vm with loader org.apache.velocity.runtime.resource.loader.FileResourceLoader
2017-12-24 12:22:55,112 - Log4JLogChute initialized using file 'velocity.log'
2017-12-24 12:22:55,112 - Initializing Velocity, Calling init()...
2017-12-24 12:22:55,112 - Starting Apache Velocity v1.7 (compiled: 2010-11-19 12:14:37)
2017-12-24 12:22:55,112 - Default Properties File: org\apache\velocity\runtime\defaults\velocity.properties
2017-12-24 12:22:55,112 - Trying to use logger class org.apache.velocity.runtime.log.AvalonLogChute
2017-12-24 12:22:55,112 - Target log system for org.apache.velocity.runtime.log.AvalonLogChute is not available (java.lang.NoClassDefFoundError: org/apache/log/format/Formatter).  Falling back to next log system...
2017-12-24 12:22:55,112 - Trying to use logger class org.apache.velocity.runtime.log.Log4JLogChute
2017-12-24 12:22:55,112 - Using logger class org.apache.velocity.runtime.log.Log4JLogChute
2017-12-24 12:22:55,115 - ResourceLoader instantiated: org.apache.velocity.runtime.resource.loader.FileResourceLoader
2017-12-24 12:22:55,116 - Do unicode file recognition:  false
2017-12-24 12:22:55,116 - FileResourceLoader : adding path '.'
2017-12-24 12:22:55,125 - ResourceCache: initialized (class org.apache.velocity.runtime.resource.ResourceCacheImpl) with class java.util.Collections$SynchronizedMap cache map.
2017-12-24 12:22:55,126 - Loaded System Directive: org.apache.velocity.runtime.directive.Stop
2017-12-24 12:22:55,127 - Loaded System Directive: org.apache.velocity.runtime.directive.Define
2017-12-24 12:22:55,127 - Loaded System Directive: org.apache.velocity.runtime.directive.Break
2017-12-24 12:22:55,127 - Loaded System Directive: org.apache.velocity.runtime.directive.Evaluate
2017-12-24 12:22:55,128 - Loaded System Directive: org.apache.velocity.runtime.directive.Literal
2017-12-24 12:22:55,128 - Loaded System Directive: org.apache.velocity.runtime.directive.Macro
2017-12-24 12:22:55,129 - Loaded System Directive: org.apache.velocity.runtime.directive.Parse
2017-12-24 12:22:55,130 - Loaded System Directive: org.apache.velocity.runtime.directive.Include
2017-12-24 12:22:55,130 - Loaded System Directive: org.apache.velocity.runtime.directive.Foreach
2017-12-24 12:22:55,147 - Created '20' parsers.
2017-12-24 12:22:55,151 - Velocimacro : "velocimacro.library" is not set.  Trying default library: VM_global_library.vm
2017-12-24 12:22:55,151 - Velocimacro : Default library not found.
2017-12-24 12:22:55,151 - Velocimacro : allowInline = true : VMs can be defined inline in templates
2017-12-24 12:22:55,151 - Velocimacro : allowInlineToOverride = false : VMs defined inline may NOT replace previous VM definitions
2017-12-24 12:22:55,151 - Velocimacro : allowInlineLocal = false : VMs defined inline will be global in scope if allowed.
2017-12-24 12:22:55,151 - Velocimacro : autoload off : VM system will not automatically reload global library macros
2017-12-24 12:22:55,182 - ResourceManager : found ./templates/index.vm with loader org.apache.velocity.runtime.resource.loader.FileResourceLoader
2017-12-24 12:22:55,198 - ResourceManager : found /templates/base/index-footer.vm with loader org.apache.velocity.runtime.resource.loader.FileResourceLoader
2017-12-24 12:22:59,051 - ResourceManager : found ./templates/me.vm with loader org.apache.velocity.runtime.resource.loader.FileResourceLoader
2017-12-24 12:22:59,081 - ResourceManager : found /templates/base/page-header.vm with loader org.apache.velocity.runtime.resource.loader.FileResourceLoader
2017-12-24 12:22:59,097 - ResourceManager : found /templates/base/page-header-tabs.vm with loader org.apache.velocity.runtime.resource.loader.FileResourceLoader
2017-12-24 12:22:59,103 - ResourceManager : found /templates/base/tabs/me.vm with loader org.apache.velocity.runtime.resource.loader.FileResourceLoader
2017-12-24 12:22:59,117 - ResourceManager : found /templates/widgets/article-promos.vm with loader org.apache.velocity.runtime.resource.loader.FileResourceLoader
2017-12-24 12:22:59,126 - ResourceManager : found /templates/base/page-footer.vm with loader org.apache.velocity.runtime.resource.loader.FileResourceLoader
2017-12-24 12:23:00,727 - ResourceManager : found ./templates/client.vm with loader org.apache.velocity.runtime.resource.loader.FileResourceLoader
2017-12-24 12:28:51,191 - ResourceManager : found ./templates/account.vm with loader org.apache.velocity.runtime.resource.loader.FileResourceLoader
2017-12-24 12:28:51,195 - ResourceManager : found /templates/account/disconnected.vm with loader org.apache.velocity.runtime.resource.loader.FileResourceLoader
2017-12-24 13:35:04,591 - Log4JLogChute initialized using file 'velocity.log'
2017-12-24 13:35:04,591 - Initializing Velocity, Calling init()...
2017-12-24 13:35:04,592 - Starting Apache Velocity v1.7 (compiled: 2010-11-19 12:14:37)
2017-12-24 13:35:04,592 - Default Properties File: org\apache\velocity\runtime\defaults\velocity.properties
2017-12-24 13:35:04,592 - Trying to use logger class org.apache.velocity.runtime.log.AvalonLogChute
2017-12-24 13:35:04,592 - Target log system for org.apache.velocity.runtime.log.AvalonLogChute is not available (java.lang.NoClassDefFoundError: org/apache/log/format/Formatter).  Falling back to next log system...
2017-12-24 13:35:04,592 - Trying to use logger class org.apache.velocity.runtime.log.Log4JLogChute
2017-12-24 13:35:04,592 - Using logger class org.apache.velocity.runtime.log.Log4JLogChute
2017-12-24 13:35:04,596 - ResourceLoader instantiated: org.apache.velocity.runtime.resource.loader.FileResourceLoader
2017-12-24 13:35:04,597 - Do unicode file recognition:  false
2017-12-24 13:35:04,597 - FileResourceLoader : adding path '.'
2017-12-24 13:35:04,604 - ResourceCache: initialized (class org.apache.velocity.runtime.resource.ResourceCacheImpl) with class java.util.Collections$SynchronizedMap cache map.
2017-12-24 13:35:04,605 - Loaded System Directive: org.apache.velocity.runtime.directive.Stop
2017-12-24 13:35:04,605 - Loaded System Directive: org.apache.velocity.runtime.directive.Define
2017-12-24 13:35:04,606 - Loaded System Directive: org.apache.velocity.runtime.directive.Break
2017-12-24 13:35:04,606 - Loaded System Directive: org.apache.velocity.runtime.directive.Evaluate
2017-12-24 13:35:04,606 - Loaded System Directive: org.apache.velocity.runtime.directive.Literal
2017-12-24 13:35:04,607 - Loaded System Directive: org.apache.velocity.runtime.directive.Macro
2017-12-24 13:35:04,608 - Loaded System Directive: org.apache.velocity.runtime.directive.Parse
2017-12-24 13:35:04,608 - Loaded System Directive: org.apache.velocity.runtime.directive.Include
2017-12-24 13:35:04,609 - Loaded System Directive: org.apache.velocity.runtime.directive.Foreach
2017-12-24 13:35:04,627 - Created '20' parsers.
2017-12-24 13:35:04,631 - Velocimacro : "velocimacro.library" is not set.  Trying default library: VM_global_library.vm
2017-12-24 13:35:04,631 - Velocimacro : Default library not found.
2017-12-24 13:35:04,631 - Velocimacro : allowInline = true : VMs can be defined inline in templates
2017-12-24 13:35:04,631 - Velocimacro : allowInlineToOverride = false : VMs defined inline may NOT replace previous VM definitions
2017-12-24 13:35:04,631 - Velocimacro : allowInlineLocal = false : VMs defined inline will be global in scope if allowed.
2017-12-24 13:35:04,631 - Velocimacro : autoload off : VM system will not automatically reload global library macros
2017-12-24 13:35:04,665 - ResourceManager : found ./templates/index.vm with loader org.apache.velocity.runtime.resource.loader.FileResourceLoader
2017-12-24 13:35:04,685 - ResourceManager : found /templates/base/index-footer.vm with loader org.apache.velocity.runtime.resource.loader.FileResourceLoader
2017-12-24 13:35:08,221 - ResourceManager : found ./templates/me.vm with loader org.apache.velocity.runtime.resource.loader.FileResourceLoader
2017-12-24 13:35:08,249 - ResourceManager : found /templates/base/page-header.vm with loader org.apache.velocity.runtime.resource.loader.FileResourceLoader
2017-12-24 13:35:08,262 - ResourceManager : found /templates/base/page-header-tabs.vm with loader org.apache.velocity.runtime.resource.loader.FileResourceLoader
2017-12-24 13:35:08,267 - ResourceManager : found /templates/base/tabs/me.vm with loader org.apache.velocity.runtime.resource.loader.FileResourceLoader
2017-12-24 13:35:08,283 - ResourceManager : found /templates/widgets/article-promos.vm with loader org.apache.velocity.runtime.resource.loader.FileResourceLoader
2017-12-24 13:35:08,292 - ResourceManager : found /templates/base/page-footer.vm with loader org.apache.velocity.runtime.resource.loader.FileResourceLoader
2017-12-24 13:35:09,614 - ResourceManager : found ./templates/client.vm with loader org.apache.velocity.runtime.resource.loader.FileResourceLoader
2017-12-24 13:40:49,329 - ResourceManager : found ./templates/account.vm with loader org.apache.velocity.runtime.resource.loader.FileResourceLoader
2017-12-24 13:40:49,336 - ResourceManager : found /templates/account/disconnected.vm with loader org.apache.velocity.runtime.resource.loader.FileResourceLoader
2017-12-24 16:58:44,578 - Log4JLogChute initialized using file 'velocity.log'
2017-12-24 16:58:44,578 - Initializing Velocity, Calling init()...
2017-12-24 16:58:44,578 - Starting Apache Velocity v1.7 (compiled: 2010-11-19 12:14:37)
2017-12-24 16:58:44,578 - Default Properties File: org\apache\velocity\runtime\defaults\velocity.properties
2017-12-24 16:58:44,578 - Trying to use logger class org.apache.velocity.runtime.log.AvalonLogChute
2017-12-24 16:58:44,578 - Target log system for org.apache.velocity.runtime.log.AvalonLogChute is not available (java.lang.NoClassDefFoundError: org/apache/log/format/Formatter).  Falling back to next log system...
2017-12-24 16:58:44,578 - Trying to use logger class org.apache.velocity.runtime.log.Log4JLogChute
2017-12-24 16:58:44,578 - Using logger class org.apache.velocity.runtime.log.Log4JLogChute
2017-12-24 16:58:44,581 - ResourceLoader instantiated: org.apache.velocity.runtime.resource.loader.FileResourceLoader
2017-12-24 16:58:44,582 - Do unicode file recognition:  false
2017-12-24 16:58:44,582 - FileResourceLoader : adding path '.'
2017-12-24 16:58:44,590 - ResourceCache: initialized (class org.apache.velocity.runtime.resource.ResourceCacheImpl) with class java.util.Collections$SynchronizedMap cache map.
2017-12-24 16:58:44,591 - Loaded System Directive: org.apache.velocity.runtime.directive.Stop
2017-12-24 16:58:44,592 - Loaded System Directive: org.apache.velocity.runtime.directive.Define
2017-12-24 16:58:44,592 - Loaded System Directive: org.apache.velocity.runtime.directive.Break
2017-12-24 16:58:44,593 - Loaded System Directive: org.apache.velocity.runtime.directive.Evaluate
2017-12-24 16:58:44,593 - Loaded System Directive: org.apache.velocity.runtime.directive.Literal
2017-12-24 16:58:44,594 - Loaded System Directive: org.apache.velocity.runtime.directive.Macro
2017-12-24 16:58:44,594 - Loaded System Directive: org.apache.velocity.runtime.directive.Parse
2017-12-24 16:58:44,595 - Loaded System Directive: org.apache.velocity.runtime.directive.Include
2017-12-24 16:58:44,596 - Loaded System Directive: org.apache.velocity.runtime.directive.Foreach
2017-12-24 16:58:44,617 - Created '20' parsers.
2017-12-24 16:58:44,621 - Velocimacro : "velocimacro.library" is not set.  Trying default library: VM_global_library.vm
2017-12-24 16:58:44,621 - Velocimacro : Default library not found.
2017-12-24 16:58:44,621 - Velocimacro : allowInline = true : VMs can be defined inline in templates
2017-12-24 16:58:44,621 - Velocimacro : allowInlineToOverride = false : VMs defined inline may NOT replace previous VM definitions
2017-12-24 16:58:44,621 - Velocimacro : allowInlineLocal = false : VMs defined inline will be global in scope if allowed.
2017-12-24 16:58:44,621 - Velocimacro : autoload off : VM system will not automatically reload global library macros
2017-12-24 16:58:44,658 - ResourceManager : found ./templates/index.vm with loader org.apache.velocity.runtime.resource.loader.FileResourceLoader
2017-12-24 16:58:44,674 - ResourceManager : found /templates/base/index-footer.vm with loader org.apache.velocity.runtime.resource.loader.FileResourceLoader
2017-12-24 16:58:47,808 - ResourceManager : found ./templates/me.vm with loader org.apache.velocity.runtime.resource.loader.FileResourceLoader
2017-12-24 16:58:47,838 - ResourceManager : found /templates/base/page-header.vm with loader org.apache.velocity.runtime.resource.loader.FileResourceLoader
2017-12-24 16:58:47,853 - ResourceManager : found /templates/base/page-header-tabs.vm with loader org.apache.velocity.runtime.resource.loader.FileResourceLoader
2017-12-24 16:58:47,859 - ResourceManager : found /templates/base/tabs/me.vm with loader org.apache.velocity.runtime.resource.loader.FileResourceLoader
2017-12-24 16:58:47,896 - ResourceManager : found /templates/widgets/article-promos.vm with loader org.apache.velocity.runtime.resource.loader.FileResourceLoader
2017-12-24 16:58:47,907 - ResourceManager : found /templates/base/page-footer.vm with loader org.apache.velocity.runtime.resource.loader.FileResourceLoader
2017-12-24 16:58:50,100 - ResourceManager : found ./templates/client.vm with loader org.apache.velocity.runtime.resource.loader.FileResourceLoader
2017-12-24 17:00:36,716 - ResourceManager : found ./templates/account.vm with loader org.apache.velocity.runtime.resource.loader.FileResourceLoader
2017-12-24 17:00:36,727 - ResourceManager : found /templates/account/disconnected.vm with loader org.apache.velocity.runtime.resource.loader.FileResourceLoader
2017-12-25 10:35:45,667 - Log4JLogChute initialized using file 'velocity.log'
2017-12-25 10:35:45,668 - Initializing Velocity, Calling init()...
2017-12-25 10:35:45,668 - Starting Apache Velocity v1.7 (compiled: 2010-11-19 12:14:37)
2017-12-25 10:35:45,668 - Default Properties File: org\apache\velocity\runtime\defaults\velocity.properties
2017-12-25 10:35:45,668 - Trying to use logger class org.apache.velocity.runtime.log.AvalonLogChute
2017-12-25 10:35:45,668 - Target log system for org.apache.velocity.runtime.log.AvalonLogChute is not available (java.lang.NoClassDefFoundError: org/apache/log/format/Formatter).  Falling back to next log system...
2017-12-25 10:35:45,668 - Trying to use logger class org.apache.velocity.runtime.log.Log4JLogChute
2017-12-25 10:35:45,668 - Using logger class org.apache.velocity.runtime.log.Log4JLogChute
2017-12-25 10:35:45,673 - ResourceLoader instantiated: org.apache.velocity.runtime.resource.loader.FileResourceLoader
2017-12-25 10:35:45,674 - Do unicode file recognition:  false
2017-12-25 10:35:45,674 - FileResourceLoader : adding path '.'
2017-12-25 10:35:45,685 - ResourceCache: initialized (class org.apache.velocity.runtime.resource.ResourceCacheImpl) with class java.util.Collections$SynchronizedMap cache map.
2017-12-25 10:35:45,686 - Loaded System Directive: org.apache.velocity.runtime.directive.Stop
2017-12-25 10:35:45,687 - Loaded System Directive: org.apache.velocity.runtime.directive.Define
2017-12-25 10:35:45,688 - Loaded System Directive: org.apache.velocity.runtime.directive.Break
2017-12-25 10:35:45,688 - Loaded System Directive: org.apache.velocity.runtime.directive.Evaluate
2017-12-25 10:35:45,689 - Loaded System Directive: org.apache.velocity.runtime.directive.Literal
2017-12-25 10:35:45,690 - Loaded System Directive: org.apache.velocity.runtime.directive.Macro
2017-12-25 10:35:45,690 - Loaded System Directive: org.apache.velocity.runtime.directive.Parse
2017-12-25 10:35:45,691 - Loaded System Directive: org.apache.velocity.runtime.directive.Include
2017-12-25 10:35:45,692 - Loaded System Directive: org.apache.velocity.runtime.directive.Foreach
2017-12-25 10:35:45,712 - Created '20' parsers.
2017-12-25 10:35:45,716 - Velocimacro : "velocimacro.library" is not set.  Trying default library: VM_global_library.vm
2017-12-25 10:35:45,716 - Velocimacro : Default library not found.
2017-12-25 10:35:45,716 - Velocimacro : allowInline = true : VMs can be defined inline in templates
2017-12-25 10:35:45,716 - Velocimacro : allowInlineToOverride = false : VMs defined inline may NOT replace previous VM definitions
2017-12-25 10:35:45,716 - Velocimacro : allowInlineLocal = false : VMs defined inline will be global in scope if allowed.
2017-12-25 10:35:45,716 - Velocimacro : autoload off : VM system will not automatically reload global library macros
2017-12-25 10:35:45,749 - ResourceManager : found ./templates/index.vm with loader org.apache.velocity.runtime.resource.loader.FileResourceLoader
2017-12-25 10:35:45,772 - ResourceManager : found /templates/base/index-footer.vm with loader org.apache.velocity.runtime.resource.loader.FileResourceLoader
2017-12-25 10:35:50,276 - ResourceManager : found ./templates/me.vm with loader org.apache.velocity.runtime.resource.loader.FileResourceLoader
2017-12-25 10:35:50,320 - ResourceManager : found /templates/base/page-header.vm with loader org.apache.velocity.runtime.resource.loader.FileResourceLoader
2017-12-25 10:35:50,338 - ResourceManager : found /templates/base/page-header-tabs.vm with loader org.apache.velocity.runtime.resource.loader.FileResourceLoader
2017-12-25 10:35:50,344 - ResourceManager : found /templates/base/tabs/me.vm with loader org.apache.velocity.runtime.resource.loader.FileResourceLoader
2017-12-25 10:35:50,367 - ResourceManager : found /templates/widgets/article-promos.vm with loader org.apache.velocity.runtime.resource.loader.FileResourceLoader
2017-12-25 10:35:50,375 - ResourceManager : found /templates/base/page-footer.vm with loader org.apache.velocity.runtime.resource.loader.FileResourceLoader
2017-12-25 10:35:52,266 - ResourceManager : found ./templates/client.vm with loader org.apache.velocity.runtime.resource.loader.FileResourceLoader
2017-12-25 11:06:13,253 - ResourceManager : found ./templates/account.vm with loader org.apache.velocity.runtime.resource.loader.FileResourceLoader
2017-12-25 11:06:13,260 - ResourceManager : found /templates/account/disconnected.vm with loader org.apache.velocity.runtime.resource.loader.FileResourceLoader
2018-01-04 13:53:52,645 - Log4JLogChute initialized using file 'velocity.log'
2018-01-04 13:53:52,645 - Initializing Velocity, Calling init()...
2018-01-04 13:53:52,645 - Starting Apache Velocity v1.7 (compiled: 2010-11-19 12:14:37)
2018-01-04 13:53:52,645 - Default Properties File: org\apache\velocity\runtime\defaults\velocity.properties
2018-01-04 13:53:52,646 - Trying to use logger class org.apache.velocity.runtime.log.AvalonLogChute
2018-01-04 13:53:52,646 - Target log system for org.apache.velocity.runtime.log.AvalonLogChute is not available (java.lang.NoClassDefFoundError: org/apache/log/format/Formatter).  Falling back to next log system...
2018-01-04 13:53:52,646 - Trying to use logger class org.apache.velocity.runtime.log.Log4JLogChute
2018-01-04 13:53:52,646 - Using logger class org.apache.velocity.runtime.log.Log4JLogChute
2018-01-04 13:53:52,651 - ResourceLoader instantiated: org.apache.velocity.runtime.resource.loader.FileResourceLoader
2018-01-04 13:53:52,652 - Do unicode file recognition:  false
2018-01-04 13:53:52,652 - FileResourceLoader : adding path '.'
2018-01-04 13:53:52,664 - ResourceCache: initialized (class org.apache.velocity.runtime.resource.ResourceCacheImpl) with class java.util.Collections$SynchronizedMap cache map.
2018-01-04 13:53:52,666 - Loaded System Directive: org.apache.velocity.runtime.directive.Stop
2018-01-04 13:53:52,668 - Loaded System Directive: org.apache.velocity.runtime.directive.Define
2018-01-04 13:53:52,669 - Loaded System Directive: org.apache.velocity.runtime.directive.Break
2018-01-04 13:53:52,670 - Loaded System Directive: org.apache.velocity.runtime.directive.Evaluate
2018-01-04 13:53:52,671 - Loaded System Directive: org.apache.velocity.runtime.directive.Literal
2018-01-04 13:53:52,672 - Loaded System Directive: org.apache.velocity.runtime.directive.Macro
2018-01-04 13:53:52,673 - Loaded System Directive: org.apache.velocity.runtime.directive.Parse
2018-01-04 13:53:52,674 - Loaded System Directive: org.apache.velocity.runtime.directive.Include
2018-01-04 13:53:52,675 - Loaded System Directive: org.apache.velocity.runtime.directive.Foreach
2018-01-04 13:53:52,702 - Created '20' parsers.
2018-01-04 13:53:52,707 - Velocimacro : "velocimacro.library" is not set.  Trying default library: VM_global_library.vm
2018-01-04 13:53:52,707 - Velocimacro : Default library not found.
2018-01-04 13:53:52,707 - Velocimacro : allowInline = true : VMs can be defined inline in templates
2018-01-04 13:53:52,707 - Velocimacro : allowInlineToOverride = false : VMs defined inline may NOT replace previous VM definitions
2018-01-04 13:53:52,707 - Velocimacro : allowInlineLocal = false : VMs defined inline will be global in scope if allowed.
2018-01-04 13:53:52,708 - Velocimacro : autoload off : VM system will not automatically reload global library macros
2018-01-04 13:53:52,753 - ResourceManager : found ./templates/index.vm with loader org.apache.velocity.runtime.resource.loader.FileResourceLoader
2018-01-04 13:53:52,777 - ResourceManager : found /templates/base/index-footer.vm with loader org.apache.velocity.runtime.resource.loader.FileResourceLoader
2018-01-04 14:18:01,060 - Log4JLogChute initialized using file 'velocity.log'
2018-01-04 14:18:01,060 - Initializing Velocity, Calling init()...
2018-01-04 14:18:01,060 - Starting Apache Velocity v1.7 (compiled: 2010-11-19 12:14:37)
2018-01-04 14:18:01,060 - Default Properties File: org\apache\velocity\runtime\defaults\velocity.properties
2018-01-04 14:18:01,060 - Trying to use logger class org.apache.velocity.runtime.log.AvalonLogChute
2018-01-04 14:18:01,060 - Target log system for org.apache.velocity.runtime.log.AvalonLogChute is not available (java.lang.NoClassDefFoundError: org/apache/log/format/Formatter).  Falling back to next log system...
2018-01-04 14:18:01,060 - Trying to use logger class org.apache.velocity.runtime.log.Log4JLogChute
2018-01-04 14:18:01,060 - Using logger class org.apache.velocity.runtime.log.Log4JLogChute
2018-01-04 14:18:01,065 - ResourceLoader instantiated: org.apache.velocity.runtime.resource.loader.FileResourceLoader
2018-01-04 14:18:01,065 - Do unicode file recognition:  false
2018-01-04 14:18:01,065 - FileResourceLoader : adding path '.'
2018-01-04 14:18:01,077 - ResourceCache: initialized (class org.apache.velocity.runtime.resource.ResourceCacheImpl) with class java.util.Collections$SynchronizedMap cache map.
2018-01-04 14:18:01,078 - Loaded System Directive: org.apache.velocity.runtime.directive.Stop
2018-01-04 14:18:01,079 - Loaded System Directive: org.apache.velocity.runtime.directive.Define
2018-01-04 14:18:01,079 - Loaded System Directive: org.apache.velocity.runtime.directive.Break
2018-01-04 14:18:01,080 - Loaded System Directive: org.apache.velocity.runtime.directive.Evaluate
2018-01-04 14:18:01,080 - Loaded System Directive: org.apache.velocity.runtime.directive.Literal
2018-01-04 14:18:01,081 - Loaded System Directive: org.apache.velocity.runtime.directive.Macro
2018-01-04 14:18:01,082 - Loaded System Directive: org.apache.velocity.runtime.directive.Parse
2018-01-04 14:18:01,083 - Loaded System Directive: org.apache.velocity.runtime.directive.Include
2018-01-04 14:18:01,084 - Loaded System Directive: org.apache.velocity.runtime.directive.Foreach
2018-01-04 14:18:01,111 - Created '20' parsers.
2018-01-04 14:18:01,115 - Velocimacro : "velocimacro.library" is not set.  Trying default library: VM_global_library.vm
2018-01-04 14:18:01,115 - Velocimacro : Default library not found.
2018-01-04 14:18:01,115 - Velocimacro : allowInline = true : VMs can be defined inline in templates
2018-01-04 14:18:01,115 - Velocimacro : allowInlineToOverride = false : VMs defined inline may NOT replace previous VM definitions
2018-01-04 14:18:01,115 - Velocimacro : allowInlineLocal = false : VMs defined inline will be global in scope if allowed.
2018-01-04 14:18:01,115 - Velocimacro : autoload off : VM system will not automatically reload global library macros
2018-01-04 14:18:01,155 - ResourceManager : found ./templates/index.vm with loader org.apache.velocity.runtime.resource.loader.FileResourceLoader
2018-01-04 14:18:01,179 - ResourceManager : found /templates/base/index-footer.vm with loader org.apache.velocity.runtime.resource.loader.FileResourceLoader
2018-01-04 14:18:04,330 - ResourceManager : found ./templates/me.vm with loader org.apache.velocity.runtime.resource.loader.FileResourceLoader
2018-01-04 14:18:04,364 - ResourceManager : found /templates/base/page-header.vm with loader org.apache.velocity.runtime.resource.loader.FileResourceLoader
2018-01-04 14:18:04,378 - ResourceManager : found /templates/base/page-header-tabs.vm with loader org.apache.velocity.runtime.resource.loader.FileResourceLoader
2018-01-04 14:18:04,385 - ResourceManager : found /templates/base/tabs/me.vm with loader org.apache.velocity.runtime.resource.loader.FileResourceLoader
2018-01-04 14:18:04,402 - ResourceManager : found /templates/widgets/article-promos.vm with loader org.apache.velocity.runtime.resource.loader.FileResourceLoader
2018-01-04 14:18:04,416 - ResourceManager : found /templates/base/page-footer.vm with loader org.apache.velocity.runtime.resource.loader.FileResourceLoader
2018-01-04 14:18:07,799 - ResourceManager : found ./templates/client.vm with loader org.apache.velocity.runtime.resource.loader.FileResourceLoader
2018-01-04 14:23:12,094 - ResourceManager : found ./templates/account.vm with loader org.apache.velocity.runtime.resource.loader.FileResourceLoader
2018-01-04 14:23:12,114 - ResourceManager : found /templates/account/disconnected.vm with loader org.apache.velocity.runtime.resource.loader.FileResourceLoader
2018-01-08 15:55:48,720 - Log4JLogChute initialized using file 'velocity.log'
2018-01-08 15:55:48,720 - Initializing Velocity, Calling init()...
2018-01-08 15:55:48,720 - Starting Apache Velocity v1.7 (compiled: 2010-11-19 12:14:37)
2018-01-08 15:55:48,720 - Default Properties File: org\apache\velocity\runtime\defaults\velocity.properties
2018-01-08 15:55:48,720 - Trying to use logger class org.apache.velocity.runtime.log.AvalonLogChute
2018-01-08 15:55:48,720 - Target log system for org.apache.velocity.runtime.log.AvalonLogChute is not available (java.lang.NoClassDefFoundError: org/apache/log/format/Formatter).  Falling back to next log system...
2018-01-08 15:55:48,720 - Trying to use logger class org.apache.velocity.runtime.log.Log4JLogChute
2018-01-08 15:55:48,720 - Using logger class org.apache.velocity.runtime.log.Log4JLogChute
2018-01-08 15:55:48,725 - ResourceLoader instantiated: org.apache.velocity.runtime.resource.loader.FileResourceLoader
2018-01-08 15:55:48,726 - Do unicode file recognition:  false
2018-01-08 15:55:48,726 - FileResourceLoader : adding path '.'
2018-01-08 15:55:48,739 - ResourceCache: initialized (class org.apache.velocity.runtime.resource.ResourceCacheImpl) with class java.util.Collections$SynchronizedMap cache map.
2018-01-08 15:55:48,741 - Loaded System Directive: org.apache.velocity.runtime.directive.Stop
2018-01-08 15:55:48,741 - Loaded System Directive: org.apache.velocity.runtime.directive.Define
2018-01-08 15:55:48,742 - Loaded System Directive: org.apache.velocity.runtime.directive.Break
2018-01-08 15:55:48,742 - Loaded System Directive: org.apache.velocity.runtime.directive.Evaluate
2018-01-08 15:55:48,743 - Loaded System Directive: org.apache.velocity.runtime.directive.Literal
2018-01-08 15:55:48,744 - Loaded System Directive: org.apache.velocity.runtime.directive.Macro
2018-01-08 15:55:48,744 - Loaded System Directive: org.apache.velocity.runtime.directive.Parse
2018-01-08 15:55:48,745 - Loaded System Directive: org.apache.velocity.runtime.directive.Include
2018-01-08 15:55:48,746 - Loaded System Directive: org.apache.velocity.runtime.directive.Foreach
2018-01-08 15:55:48,767 - Created '20' parsers.
2018-01-08 15:55:48,771 - Velocimacro : "velocimacro.library" is not set.  Trying default library: VM_global_library.vm
2018-01-08 15:55:48,771 - Velocimacro : Default library not found.
2018-01-08 15:55:48,771 - Velocimacro : allowInline = true : VMs can be defined inline in templates
2018-01-08 15:55:48,771 - Velocimacro : allowInlineToOverride = false : VMs defined inline may NOT replace previous VM definitions
2018-01-08 15:55:48,771 - Velocimacro : allowInlineLocal = false : VMs defined inline will be global in scope if allowed.
2018-01-08 15:55:48,771 - Velocimacro : autoload off : VM system will not automatically reload global library macros
2018-01-08 15:55:48,812 - ResourceManager : found ./templates/index.vm with loader org.apache.velocity.runtime.resource.loader.FileResourceLoader
2018-01-08 15:55:48,830 - ResourceManager : found /templates/base/index-footer.vm with loader org.apache.velocity.runtime.resource.loader.FileResourceLoader
2018-01-08 15:55:52,287 - ResourceManager : found ./templates/me.vm with loader org.apache.velocity.runtime.resource.loader.FileResourceLoader
2018-01-08 15:55:52,321 - ResourceManager : found /templates/base/page-header.vm with loader org.apache.velocity.runtime.resource.loader.FileResourceLoader
2018-01-08 15:55:52,336 - ResourceManager : found /templates/base/page-header-tabs.vm with loader org.apache.velocity.runtime.resource.loader.FileResourceLoader
2018-01-08 15:55:52,342 - ResourceManager : found /templates/base/tabs/me.vm with loader org.apache.velocity.runtime.resource.loader.FileResourceLoader
2018-01-08 15:55:52,363 - ResourceManager : found /templates/widgets/article-promos.vm with loader org.apache.velocity.runtime.resource.loader.FileResourceLoader
2018-01-08 15:55:52,374 - ResourceManager : found /templates/base/page-footer.vm with loader org.apache.velocity.runtime.resource.loader.FileResourceLoader
2018-01-08 15:55:54,927 - ResourceManager : found ./templates/client.vm with loader org.apache.velocity.runtime.resource.loader.FileResourceLoader
