[2013-11-15 00:47:27,362][main] INFO  com.cometsrv.boot.Comet - Comet Server - 0.3.8
[2013-11-15 00:47:27,600][main] INFO  com.cometsrv.storage.StorageEngine - Connecting to MySQL server
[2013-11-15 00:47:30,014][main] INFO  com.cometsrv.storage.StorageEngine - Connecting to the MySQL server
[2013-11-15 00:47:30,407][main] INFO  com.cometsrv.game.navigator.NavigatorManager - Loaded 12 room categories
[2013-11-15 00:47:30,415][main] INFO  com.cometsrv.game.permissions.PermissionsManager - Loaded 9 perks
[2013-11-15 00:47:30,427][main] INFO  com.cometsrv.game.permissions.PermissionsManager - Loaded 6 permissions
[2013-11-15 00:47:30,431][main] INFO  com.cometsrv.game.permissions.PermissionsManager - Loaded 6 command permissions
[2013-11-15 00:47:30,434][main] INFO  com.cometsrv.game.catalog.CatalogManager - Loaded 2 catalog club offers
[2013-11-15 00:47:32,295][main] INFO  com.cometsrv.game.catalog.CatalogManager - Loaded 209 catalog pages
[2013-11-15 00:47:32,295][main] INFO  com.cometsrv.game.catalog.CatalogManager - Loaded 4493 catalog items
[2013-11-15 00:47:32,426][main] INFO  com.cometsrv.game.items.ItemManager - Loaded 4685 item definitions
[2013-11-15 00:47:32,430][main] INFO  com.cometsrv.game.rooms.RoomManager - Loaded 30 chat emotions
[2013-11-15 00:47:32,791][main] INFO  com.cometsrv.game.rooms.RoomManager - Loaded 48 room models
[2013-11-15 00:47:32,801][main] INFO  com.cometsrv.game.moderation.BanManager - Loaded 0 bans
[2013-11-15 00:47:32,803][main] INFO  com.cometsrv.game.moderation.ModerationManager - Loaded 1 moderation presets
[2013-11-15 00:47:32,804][main] INFO  com.cometsrv.game.moderation.ModerationManager - Loaded 0 active help tickets
[2013-11-15 00:47:32,839][main] INFO  com.cometsrv.network.messages.MessageHandler - Loaded 75 message events
[2013-11-15 00:47:33,964][main] INFO  com.cometsrv.network.NetworkEngine - CometServer listening on port: 3000
[2013-11-15 00:47:44,757][Thread-6] INFO  com.cometsrv.boot.Comet - This server is powered by Comet (0.3.8)
[2013-11-15 00:47:44,760][Thread-6] INFO  com.cometsrv.boot.Comet -     Users online: 0
[2013-11-15 00:47:44,760][Thread-6] INFO  com.cometsrv.boot.Comet -     Rooms online: 0
[2013-11-15 00:49:15,836][Thread-6] ERROR com.cometsrv.boot.Comet - Invalid command
[2013-11-15 00:49:17,307][Thread-6] INFO  com.cometsrv.boot.Comet - Commands available: /about, /reload_messages, /gc, /reload_permissions, /changemotd, /reload_catalog, /reload_bans
[2013-11-15 00:49:19,837][Thread-6] INFO  com.cometsrv.boot.Comet - GC was run
[2013-11-15 00:49:23,718][Thread-6] INFO  com.cometsrv.network.messages.MessageHandler - Loaded 75 message events
[2013-11-15 00:49:23,719][Thread-6] INFO  com.cometsrv.boot.Comet - Message handlers were reloaded
[2013-11-15 00:49:25,616][Thread-6] ERROR com.cometsrv.boot.Comet - Invalid command
[2013-12-15 00:16:43,740][main] INFO  com.cometsrv.boot.Comet - Comet Server - 0.3.8
[2013-12-15 00:16:43,753][main] INFO  com.cometsrv.storage.StorageEngine - Connecting to MySQL server
[2013-12-15 00:16:44,198][main] INFO  com.cometsrv.storage.StorageEngine - Connecting to the MySQL server
[2013-12-15 00:16:44,283][main] INFO  com.cometsrv.game.navigator.NavigatorManager - Loaded 12 room categories
[2013-12-15 00:16:44,287][main] INFO  com.cometsrv.game.permissions.PermissionsManager - Loaded 9 perks
[2013-12-15 00:16:44,290][main] INFO  com.cometsrv.game.permissions.PermissionsManager - Loaded 6 permissions
[2013-12-15 00:16:44,292][main] INFO  com.cometsrv.game.permissions.PermissionsManager - Loaded 17 command permissions
[2013-12-15 00:16:44,295][main] INFO  com.cometsrv.game.catalog.CatalogManager - Loaded 2 catalog club offers
[2013-12-15 00:16:45,349][main] INFO  com.cometsrv.game.catalog.CatalogManager - Loaded 210 catalog pages
[2013-12-15 00:16:45,349][main] INFO  com.cometsrv.game.catalog.CatalogManager - Loaded 4489 catalog items
[2013-12-15 00:16:45,445][main] INFO  com.cometsrv.game.items.ItemManager - Loaded 4685 item definitions
[2013-12-15 00:16:45,449][main] INFO  com.cometsrv.game.rooms.RoomManager - Loaded 30 chat emotions
[2013-12-15 00:16:45,592][main] INFO  com.cometsrv.game.rooms.RoomManager - Loaded 48 room models
[2013-12-15 00:16:45,605][main] INFO  com.cometsrv.game.moderation.BanManager - Loaded 0 bans
[2013-12-15 00:16:45,607][main] INFO  com.cometsrv.game.moderation.ModerationManager - Loaded 1 moderation presets
[2013-12-15 00:16:45,608][main] INFO  com.cometsrv.game.moderation.ModerationManager - Loaded 0 active help tickets
[2013-12-15 00:16:45,649][main] INFO  com.cometsrv.network.messages.MessageHandler - Loaded 78 message events
[2013-12-15 00:16:45,654][main] ERROR com.cometsrv.network.http.ManagementServer - Error while starting remote management server
java.net.BindException: Address already in use
	at sun.nio.ch.Net.bind0(Native Method)
	at sun.nio.ch.Net.bind(Net.java:444)
	at sun.nio.ch.Net.bind(Net.java:436)
	at sun.nio.ch.ServerSocketChannelImpl.bind(ServerSocketChannelImpl.java:214)
	at sun.nio.ch.ServerSocketAdaptor.bind(ServerSocketAdaptor.java:74)
	at sun.net.httpserver.ServerImpl.<init>(ServerImpl.java:100)
	at sun.net.httpserver.HttpServerImpl.<init>(HttpServerImpl.java:50)
	at sun.net.httpserver.DefaultHttpServerProvider.createHttpServer(DefaultHttpServerProvider.java:35)
	at com.sun.net.httpserver.HttpServer.create(HttpServer.java:129)
	at com.cometsrv.network.http.ManagementServer.<init>(ManagementServer.java:15)
	at com.cometsrv.network.NetworkEngine.<init>(NetworkEngine.java:37)
	at com.cometsrv.boot.CometServer.init(CometServer.java:28)
	at com.cometsrv.boot.Comet.main(Comet.java:22)
[2013-12-15 00:16:45,737][main] ERROR com.cometsrv.boot.Comet - Comet has shutdown. Reason: "Failed to initialize sockets on address: 127.0.0.1:3000"
